['AddBracketParams', 'AddFlangeParams', 'AddRef', 'AddScallop1Params', 'AddScallop2Params', 'AddScallopEnd1LowerParams', 'AddScallopEnd1UpperParams', 'AddScallopEnd2LowerParams', 'AddScallopEnd2UpperParams', 'AddSf1BaseElements', 'AddSf1DimensonParams', 'AddSf1EndElements', 'AddSf2BaseElements', 'AddSf2DimensonParams', 'AddSf2EndElements', 'AddSurfaces1', 'AddSurfaces2', 'AddSurfaces3', 'BaseElement', 'BasePlane', 'BasePlaneOffset', 'BracketName', 'BracketParams', 'BracketType', 'DefinitionType', 'ElementGroup', 'FlangeAngle', 'FlangeParams', 'FlangeType', 'GetIDsOfNames', 'GetTypeInfo', 'GetTypeInfoCount', 'Invoke', 'MaterialName', 'Mold', 'MoldOffset', 'QueryInterface', 'ReferMethod', 'Release', 'RevFlange', 'RevSf1', 'RevSf2', 'RevSf3', 'Scallop1Params', 'Scallop1Type', 'Scallop2Params', 'Scallop2Type', 'ScallopEnd1LowerParams', 'ScallopEnd1LowerType', 'ScallopEnd1UpperParams', 'ScallopEnd1UpperType', 'ScallopEnd2LowerParams', 'ScallopEnd2LowerType', 'ScallopEnd2UpperParams', 'ScallopEnd2UpperType', 'Sf1BaseElements', 'Sf1DimensionType', 'Sf1DimensonParams', 'Sf1EndElements', 'Sf2BaseElements', 'Sf2DimensionType', 'Sf2DimensonParams', 'Sf2EndElements', 'Surfaces1', 'Surfaces2', 'Surfaces3', 'Thickness', 'UseSideSheetForPlane', 'WCS', '_ApplyTypes_', '_FlagAsMethod', '_LazyAddAttr_', '_NewEnum', '_Release_', '_UpdateWithITypeInfo_', '__AttrToID__', '__LazyMap__', '__bool__', '__call__', '__class__', '__delattr__', '__dict__', '__dir__', '__doc__', '__eq__', '__firstlineno__', '__format__', '__ge__', '__getattr__', '__getattribute__', '__getitem__', '__getstate__', '__gt__', '__hash__', '__init__', '__init_subclass__', '__int__', '__le__', '__len__', '__lt__', '__module__', '__ne__', '__new__', '__reduce__', '__reduce_ex__', '__repr__', '__setattr__', '__setitem__', '__sizeof__', '__static_attributes__', '__str__', '__subclasshook__', '__weakref__', '_builtMethods_', '_dir_ole_', '_enum_', '_find_dispatch_type_', '_get_good_object_', '_get_good_single_object_', '_lazydata_', '_make_method_', '_mapCachedItems_', '_oleobj_', '_olerepr_', '_print_details_', '_proc_', '_unicode_to_string_', '_username_', '_wrap_dispatch_']
Help on CDispatch in module win32com.client object:

class CDispatch(win32com.client.dynamic.CDispatch)
 |  CDispatch(IDispatch, olerepr, userName=None, lazydata=None)
 |
 |  The dynamic class used as a last resort.
 |  The purpose of this overriding of dynamic.CDispatch is to perpetuate the policy
 |  of using the makepy generated wrapper Python class instead of dynamic.CDispatch
 |  if/when possible.
 |
 |  Method resolution order:
 |      CDispatch
 |      win32com.client.dynamic.CDispatch
 |      builtins.object
 |
 |  Methods defined here:
 |
 |  __dir__(self)
 |      Default dir() implementation.
 |
 |  ----------------------------------------------------------------------
 |  Methods inherited from win32com.client.dynamic.CDispatch:
 |
 |  __AttrToID__(self, attr)
 |
 |  __LazyMap__(self, attr)
 |
 |  __bool__(self)
 |
 |  __call__(self, *args)
 |      Provide 'default dispatch' COM functionality - allow instance to be called
 |
 |  __eq__(self, other)
 |      Return self==value.
 |
 |  __getattr__(self, attr)
 |
 |  __getitem__(self, index)
 |
 |  __init__(self, IDispatch, olerepr, userName=None, lazydata=None)
 |      Initialize self.  See help(type(self)) for accurate signature.
 |
 |  __int__(self)
 |
 |  __len__(self)
 |
 |  __ne__(self, other)
 |      Return self!=value.
 |
 |  __repr__(self)
 |      Return repr(self).
 |
 |  __setattr__(self, attr, value)
 |      Implement setattr(self, name, value).
 |
 |  __setitem__(self, index, *args)
 |
 |  __str__(self)
 |      Return str(self).
 |
 |  ----------------------------------------------------------------------
 |  Data descriptors inherited from win32com.client.dynamic.CDispatch:
 |
 |  __dict__
 |      dictionary for instance variables
 |
 |  __weakref__
 |      list of weak references to the object
 |
 |  ----------------------------------------------------------------------
 |  Data and other attributes inherited from win32com.client.dynamic.CDispatch:
 |
 |  __hash__ = None

Help on method CreateBracket in module win32com.client.dynamic:

CreateBracket(
    pParam=<PyOleMissing object at 0x000001D5A4110450>,
    bUpdate=<PyOleMissing object at 0x000001D5A4110450>
) method of win32com.client.CDispatch instance

Traceback (most recent call last):
  File "C:\Users\sasap\OneDrive\デスクトップ\今治\pro_merge\chatbot_project\success_out.attempt3.py", line 1200, in <module>
    bracket1 = part.CreateBracket(bracketPram1,False)
  File "<COMObject GetPart>", line 3, in CreateBracket
pywintypes.com_error: (-2147352567, '例外が発生しました。', (0, None, None, None, 0, -2147467259), None)
